0 info it worked if it ends with ok
1 verbose cli [ 'C:\\Program Files\\nodejs\\node.exe',
1 verbose cli   'C:\\Program Files\\nodejs\\node_modules\\npm\\bin\\npm-cli.js',
1 verbose cli   'install' ]
2 info using npm@2.15.1
3 info using node@v4.4.4
4 verbose readDependencies loading dependencies from C:\Meta-Tool\material-start-es5-tutorial\package.json
5 verbose install where, deps [ 'C:\\Meta-Tool\\material-start-es5-tutorial',
5 verbose install   [ 'angular',
5 verbose install     'angular-animate',
5 verbose install     'angular-aria',
5 verbose install     'angular-messages',
5 verbose install     'angular-material' ] ]
6 verbose install where, peers [ 'C:\\Meta-Tool\\material-start-es5-tutorial', [] ]
7 verbose installManyTop reading for lifecycle C:\Meta-Tool\material-start-es5-tutorial\package.json
8 info preinstall material-start@0.0.0
9 verbose readDependencies loading dependencies from C:\Meta-Tool\material-start-es5-tutorial\package.json
10 silly cache add args [ 'angular-animate@^1.5.5', null ]
11 verbose cache add spec angular-animate@^1.5.5
12 silly cache add parsed spec Result {
12 silly cache add   raw: 'angular-animate@^1.5.5',
12 silly cache add   scope: null,
12 silly cache add   name: 'angular-animate',
12 silly cache add   rawSpec: '^1.5.5',
12 silly cache add   spec: '>=1.5.5 <2.0.0',
12 silly cache add   type: 'range' }
13 silly addNamed angular-animate@>=1.5.5 <2.0.0
14 verbose addNamed ">=1.5.5 <2.0.0" is a valid semver range for angular-animate
15 silly addNameRange { name: 'angular-animate',
15 silly addNameRange   range: '>=1.5.5 <2.0.0',
15 silly addNameRange   hasData: false }
16 silly mapToRegistry name angular-animate
17 silly mapToRegistry using default registry
18 silly mapToRegistry registry https://registry.npmjs.org/
19 silly mapToRegistry data Result {
19 silly mapToRegistry   raw: 'angular-animate',
19 silly mapToRegistry   scope: null,
19 silly mapToRegistry   name: 'angular-animate',
19 silly mapToRegistry   rawSpec: '',
19 silly mapToRegistry   spec: 'latest',
19 silly mapToRegistry   type: 'tag' }
20 silly mapToRegistry uri https://registry.npmjs.org/angular-animate
21 verbose addNameRange registry:https://registry.npmjs.org/angular-animate not in flight; fetching
22 silly cache add args [ 'angular-aria@^1.5.5', null ]
23 verbose cache add spec angular-aria@^1.5.5
24 silly cache add parsed spec Result {
24 silly cache add   raw: 'angular-aria@^1.5.5',
24 silly cache add   scope: null,
24 silly cache add   name: 'angular-aria',
24 silly cache add   rawSpec: '^1.5.5',
24 silly cache add   spec: '>=1.5.5 <2.0.0',
24 silly cache add   type: 'range' }
25 silly addNamed angular-aria@>=1.5.5 <2.0.0
26 verbose addNamed ">=1.5.5 <2.0.0" is a valid semver range for angular-aria
27 silly addNameRange { name: 'angular-aria', range: '>=1.5.5 <2.0.0', hasData: false }
28 silly mapToRegistry name angular-aria
29 silly mapToRegistry using default registry
30 silly mapToRegistry registry https://registry.npmjs.org/
31 silly mapToRegistry data Result {
31 silly mapToRegistry   raw: 'angular-aria',
31 silly mapToRegistry   scope: null,
31 silly mapToRegistry   name: 'angular-aria',
31 silly mapToRegistry   rawSpec: '',
31 silly mapToRegistry   spec: 'latest',
31 silly mapToRegistry   type: 'tag' }
32 silly mapToRegistry uri https://registry.npmjs.org/angular-aria
33 verbose addNameRange registry:https://registry.npmjs.org/angular-aria not in flight; fetching
34 silly cache add args [ 'angular-messages@^1.5.5', null ]
35 verbose cache add spec angular-messages@^1.5.5
36 silly cache add parsed spec Result {
36 silly cache add   raw: 'angular-messages@^1.5.5',
36 silly cache add   scope: null,
36 silly cache add   name: 'angular-messages',
36 silly cache add   rawSpec: '^1.5.5',
36 silly cache add   spec: '>=1.5.5 <2.0.0',
36 silly cache add   type: 'range' }
37 silly addNamed angular-messages@>=1.5.5 <2.0.0
38 verbose addNamed ">=1.5.5 <2.0.0" is a valid semver range for angular-messages
39 silly addNameRange { name: 'angular-messages',
39 silly addNameRange   range: '>=1.5.5 <2.0.0',
39 silly addNameRange   hasData: false }
40 silly mapToRegistry name angular-messages
41 silly mapToRegistry using default registry
42 silly mapToRegistry registry https://registry.npmjs.org/
43 silly mapToRegistry data Result {
43 silly mapToRegistry   raw: 'angular-messages',
43 silly mapToRegistry   scope: null,
43 silly mapToRegistry   name: 'angular-messages',
43 silly mapToRegistry   rawSpec: '',
43 silly mapToRegistry   spec: 'latest',
43 silly mapToRegistry   type: 'tag' }
44 silly mapToRegistry uri https://registry.npmjs.org/angular-messages
45 verbose addNameRange registry:https://registry.npmjs.org/angular-messages not in flight; fetching
46 silly cache add args [ 'angular-material@git+ssh://git@github.com/angular/bower-material.git#master',
46 silly cache add   null ]
47 verbose cache add spec angular-material@git+ssh://git@github.com/angular/bower-material.git#master
48 silly cache add args [ 'angular@^1.5.5', null ]
49 verbose cache add spec angular@^1.5.5
50 silly cache add parsed spec Result {
50 silly cache add   raw: 'angular@^1.5.5',
50 silly cache add   scope: null,
50 silly cache add   name: 'angular',
50 silly cache add   rawSpec: '^1.5.5',
50 silly cache add   spec: '>=1.5.5 <2.0.0',
50 silly cache add   type: 'range' }
51 silly addNamed angular@>=1.5.5 <2.0.0
52 verbose addNamed ">=1.5.5 <2.0.0" is a valid semver range for angular
53 silly addNameRange { name: 'angular', range: '>=1.5.5 <2.0.0', hasData: false }
54 silly mapToRegistry name angular
55 silly mapToRegistry using default registry
56 silly mapToRegistry registry https://registry.npmjs.org/
57 silly mapToRegistry data Result {
57 silly mapToRegistry   raw: 'angular',
57 silly mapToRegistry   scope: null,
57 silly mapToRegistry   name: 'angular',
57 silly mapToRegistry   rawSpec: '',
57 silly mapToRegistry   spec: 'latest',
57 silly mapToRegistry   type: 'tag' }
58 silly mapToRegistry uri https://registry.npmjs.org/angular
59 verbose addNameRange registry:https://registry.npmjs.org/angular not in flight; fetching
60 silly cache add parsed spec Result {
60 silly cache add   raw: 'angular-material@git+ssh://git@github.com/angular/bower-material.git#master',
60 silly cache add   scope: null,
60 silly cache add   name: 'angular-material',
60 silly cache add   rawSpec: 'git+ssh://git@github.com/angular/bower-material.git#master',
60 silly cache add   spec: 'git+ssh://git@github.com/angular/bower-material.git#master',
60 silly cache add   type: 'hosted',
60 silly cache add   hosted:
60 silly cache add    { type: 'github',
60 silly cache add      ssh: 'git@github.com:angular/bower-material.git#master',
60 silly cache add      sshUrl: 'git+ssh://git@github.com/angular/bower-material.git#master',
60 silly cache add      httpsUrl: 'git+https://github.com/angular/bower-material.git#master',
60 silly cache add      gitUrl: 'git://github.com/angular/bower-material.git#master',
60 silly cache add      shortcut: 'github:angular/bower-material#master',
60 silly cache add      directUrl: 'https://raw.githubusercontent.com/angular/bower-material/master/package.json' } }
61 verbose addRemoteGit caching git+ssh://git@github.com/angular/bower-material.git#master
62 verbose addRemoteGit git+ssh://git@github.com/angular/bower-material.git#master is a repository hosted by github
63 silly tryClone cloning git+ssh://git@github.com/angular/bower-material.git#master via git+ssh://git@github.com/angular/bower-material.git#master
64 verbose tryClone ssh-git-github-com-angular-bower-material-git-e2890f0e not in flight; caching
65 verbose correctMkdir C:\Users\Leon LL Zhang\AppData\Roaming\npm-cache\_git-remotes correctMkdir not in flight; initializing
66 verbose request uri https://registry.npmjs.org/angular-aria
67 verbose request no auth needed
68 info attempt registry request try #1 at 10:54:12
69 verbose request id 6acad38624f3924d
70 verbose etag "6N56VPX2X5D2R50U73AEZLJMZ"
71 http request GET https://registry.npmjs.org/angular-aria
72 verbose request uri https://registry.npmjs.org/angular-messages
73 verbose request no auth needed
74 info attempt registry request try #1 at 10:54:12
75 verbose etag "47O7WWNC05AH2UXNNA378KLHJ"
76 http request GET https://registry.npmjs.org/angular-messages
77 verbose request uri https://registry.npmjs.org/angular-animate
78 verbose request no auth needed
79 info attempt registry request try #1 at 10:54:12
80 verbose etag "17QACHQT5QS9C726S3IBN4MX3"
81 http request GET https://registry.npmjs.org/angular-animate
82 verbose request uri https://registry.npmjs.org/angular
83 verbose request no auth needed
84 info attempt registry request try #1 at 10:54:12
85 verbose etag "CAR8KIFD18E0TZGIPYYFPEHWI"
86 http request GET https://registry.npmjs.org/angular
87 warn addRemoteGit Error: not found: git
87 warn addRemoteGit     at F (C:\Program Files\nodejs\node_modules\npm\node_modules\which\which.js:63:19)
87 warn addRemoteGit     at E (C:\Program Files\nodejs\node_modules\npm\node_modules\which\which.js:72:29)
87 warn addRemoteGit     at C:\Program Files\nodejs\node_modules\npm\node_modules\which\which.js:81:16
87 warn addRemoteGit     at C:\Program Files\nodejs\node_modules\npm\node_modules\which\node_modules\isexe\index.js:44:5
87 warn addRemoteGit     at C:\Program Files\nodejs\node_modules\npm\node_modules\which\node_modules\isexe\windows.js:29:5
87 warn addRemoteGit     at FSReqWrap.oncomplete (fs.js:82:15)
87 warn addRemoteGit  git+ssh://git@github.com/angular/bower-material.git#master resetting remote C:\Users\Leon LL Zhang\AppData\Roaming\npm-cache\_git-remotes\ssh-git-github-com-angular-bower-material-git-e2890f0e because of error: { [Error: not found: git] code: 'ENOGIT' }
88 info resetRemote resetting C:\Users\Leon LL Zhang\AppData\Roaming\npm-cache\_git-remotes\ssh-git-github-com-angular-bower-material-git-e2890f0e for git+ssh://git@github.com/angular/bower-material.git#master
89 silly gentlyRm C:\Users\Leon LL Zhang\AppData\Roaming\npm-cache\_git-remotes\ssh-git-github-com-angular-bower-material-git-e2890f0e is being purged
90 verbose gentlyRm don't care about contents; nuking C:\Users\Leon LL Zhang\AppData\Roaming\npm-cache\_git-remotes\ssh-git-github-com-angular-bower-material-git-e2890f0e
91 silly vacuum-fs purging C:\Users\Leon LL Zhang\AppData\Roaming\npm-cache\_git-remotes\ssh-git-github-com-angular-bower-material-git-e2890f0e
92 silly vacuum-fs quitting because other entries in C:\Users\Leon LL Zhang\AppData\Roaming\npm-cache\_git-remotes
93 error git clone --template=C:\Users\Leon LL Zhang\AppData\Roaming\npm-cache\_git-remotes\_templates --mirror ssh://git@github.com/angular/bower-material.git C:\Users\Leon LL Zhang\AppData\Roaming\npm-cache\_git-remotes\ssh-git-github-com-angular-bower-material-git-e2890f0e: undefined
93 error git clone --template=C:\Users\Leon LL Zhang\AppData\Roaming\npm-cache\_git-remotes\_templates --mirror ssh://git@github.com/angular/bower-material.git C:\Users\Leon LL Zhang\AppData\Roaming\npm-cache\_git-remotes\ssh-git-github-com-angular-bower-material-git-e2890f0e: undefined
94 http 304 https://registry.npmjs.org/angular-animate
95 verbose headers { date: 'Fri, 13 May 2016 02:53:44 GMT',
95 verbose headers   via: '1.1 varnish',
95 verbose headers   'cache-control': 'max-age=300',
95 verbose headers   etag: '"17QACHQT5QS9C726S3IBN4MX3"',
95 verbose headers   age: '231',
95 verbose headers   connection: 'keep-alive',
95 verbose headers   'x-served-by': 'cache-hkg6822-HKG',
95 verbose headers   'x-cache': 'HIT',
95 verbose headers   'x-cache-hits': '1',
95 verbose headers   'x-timer': 'S1463108024.976078,VS0,VE0',
95 verbose headers   vary: 'Accept-Encoding' }
96 silly get cb [ 304,
96 silly get   { date: 'Fri, 13 May 2016 02:53:44 GMT',
96 silly get     via: '1.1 varnish',
96 silly get     'cache-control': 'max-age=300',
96 silly get     etag: '"17QACHQT5QS9C726S3IBN4MX3"',
96 silly get     age: '231',
96 silly get     connection: 'keep-alive',
96 silly get     'x-served-by': 'cache-hkg6822-HKG',
96 silly get     'x-cache': 'HIT',
96 silly get     'x-cache-hits': '1',
96 silly get     'x-timer': 'S1463108024.976078,VS0,VE0',
96 silly get     vary: 'Accept-Encoding' } ]
97 verbose etag https://registry.npmjs.org/angular-animate from cache
98 verbose get saving angular-animate to C:\Users\Leon LL Zhang\AppData\Roaming\npm-cache\registry.npmjs.org\angular-animate\.cache.json
99 verbose correctMkdir C:\Users\Leon LL Zhang\AppData\Roaming\npm-cache correctMkdir not in flight; initializing
100 http 304 https://registry.npmjs.org/angular-aria
101 verbose headers { date: 'Fri, 13 May 2016 02:53:44 GMT',
101 verbose headers   via: '1.1 varnish',
101 verbose headers   'cache-control': 'max-age=300',
101 verbose headers   etag: '"6N56VPX2X5D2R50U73AEZLJMZ"',
101 verbose headers   age: '230',
101 verbose headers   connection: 'keep-alive',
101 verbose headers   'x-served-by': 'cache-hkg6824-HKG',
101 verbose headers   'x-cache': 'HIT',
101 verbose headers   'x-cache-hits': '1',
101 verbose headers   'x-timer': 'S1463108024.979298,VS0,VE0',
101 verbose headers   vary: 'Accept-Encoding' }
102 silly get cb [ 304,
102 silly get   { date: 'Fri, 13 May 2016 02:53:44 GMT',
102 silly get     via: '1.1 varnish',
102 silly get     'cache-control': 'max-age=300',
102 silly get     etag: '"6N56VPX2X5D2R50U73AEZLJMZ"',
102 silly get     age: '230',
102 silly get     connection: 'keep-alive',
102 silly get     'x-served-by': 'cache-hkg6824-HKG',
102 silly get     'x-cache': 'HIT',
102 silly get     'x-cache-hits': '1',
102 silly get     'x-timer': 'S1463108024.979298,VS0,VE0',
102 silly get     vary: 'Accept-Encoding' } ]
103 verbose etag https://registry.npmjs.org/angular-aria from cache
104 verbose get saving angular-aria to C:\Users\Leon LL Zhang\AppData\Roaming\npm-cache\registry.npmjs.org\angular-aria\.cache.json
105 verbose correctMkdir C:\Users\Leon LL Zhang\AppData\Roaming\npm-cache correctMkdir already in flight; waiting
106 http 304 https://registry.npmjs.org/angular
107 verbose headers { date: 'Fri, 13 May 2016 02:53:44 GMT',
107 verbose headers   via: '1.1 varnish',
107 verbose headers   'cache-control': 'max-age=300',
107 verbose headers   etag: '"CAR8KIFD18E0TZGIPYYFPEHWI"',
107 verbose headers   age: '273',
107 verbose headers   connection: 'keep-alive',
107 verbose headers   'x-served-by': 'cache-hkg6826-HKG',
107 verbose headers   'x-cache': 'HIT',
107 verbose headers   'x-cache-hits': '1',
107 verbose headers   'x-timer': 'S1463108024.979532,VS0,VE0',
107 verbose headers   vary: 'Accept-Encoding' }
108 silly get cb [ 304,
108 silly get   { date: 'Fri, 13 May 2016 02:53:44 GMT',
108 silly get     via: '1.1 varnish',
108 silly get     'cache-control': 'max-age=300',
108 silly get     etag: '"CAR8KIFD18E0TZGIPYYFPEHWI"',
108 silly get     age: '273',
108 silly get     connection: 'keep-alive',
108 silly get     'x-served-by': 'cache-hkg6826-HKG',
108 silly get     'x-cache': 'HIT',
108 silly get     'x-cache-hits': '1',
108 silly get     'x-timer': 'S1463108024.979532,VS0,VE0',
108 silly get     vary: 'Accept-Encoding' } ]
109 verbose etag https://registry.npmjs.org/angular from cache
110 verbose get saving angular to C:\Users\Leon LL Zhang\AppData\Roaming\npm-cache\registry.npmjs.org\angular\.cache.json
111 verbose correctMkdir C:\Users\Leon LL Zhang\AppData\Roaming\npm-cache correctMkdir already in flight; waiting
112 silly addNameRange number 2 { name: 'angular-animate',
112 silly addNameRange   range: '>=1.5.5 <2.0.0',
112 silly addNameRange   hasData: true }
113 silly addNameRange versions [ 'angular-animate',
113 silly addNameRange   [ '0.0.1',
113 silly addNameRange     '0.0.2',
113 silly addNameRange     '1.2.19-build.256',
113 silly addNameRange     '1.2.16',
113 silly addNameRange     '1.2.23',
113 silly addNameRange     '1.3.0-rc.5',
113 silly addNameRange     '1.3.0',
113 silly addNameRange     '1.3.1',
113 silly addNameRange     '1.3.2',
113 silly addNameRange     '1.3.3',
113 silly addNameRange     '1.3.4-build.3588',
113 silly addNameRange     '1.2.27',
113 silly addNameRange     '1.3.4',
113 silly addNameRange     '1.3.5',
113 silly addNameRange     '1.3.6',
113 silly addNameRange     '1.3.7',
113 silly addNameRange     '1.2.28',
113 silly addNameRange     '1.3.8',
113 silly addNameRange     '1.4.0-beta.0',
113 silly addNameRange     '1.3.9',
113 silly addNameRange     '1.3.10',
113 silly addNameRange     '1.4.0-beta.1',
113 silly addNameRange     '1.4.0-beta.2',
113 silly addNameRange     '1.3.11',
113 silly addNameRange     '1.4.0-beta.3',
113 silly addNameRange     '1.3.12',
113 silly addNameRange     '1.3.13',
113 silly addNameRange     '1.4.0-beta.4',
113 silly addNameRange     '1.3.14',
113 silly addNameRange     '1.4.0-beta.5',
113 silly addNameRange     '1.4.0-beta.6',
113 silly addNameRange     '1.3.15',
113 silly addNameRange     '1.4.0-rc.0',
113 silly addNameRange     '1.4.0-rc.1',
113 silly addNameRange     '1.4.0-rc.2',
113 silly addNameRange     '1.4.0',
113 silly addNameRange     '1.3.16',
113 silly addNameRange     '1.4.1',
113 silly addNameRange     '1.4.2',
113 silly addNameRange     '1.3.17',
113 silly addNameRange     '1.4.3',
113 silly addNameRange     '1.4.4',
113 silly addNameRange     '1.3.18',
113 silly addNameRange     '1.4.5',
113 silly addNameRange     '1.3.19',
113 silly addNameRange     '1.4.6',
113 silly addNameRange     '1.5.0-beta.0',
113 silly addNameRange     '1.2.29',
113 silly addNameRange     '1.3.20',
113 silly addNameRange     '1.4.7',
113 silly addNameRange     '1.5.0-beta.2',
113 silly addNameRange     '1.4.8',
113 silly addNameRange     '1.5.0-rc.0',
113 silly addNameRange     '1.5.0-rc.1',
113 silly addNameRange     '1.4.9',
113 silly addNameRange     '1.5.0-rc.2',
113 silly addNameRange     '1.5.0',
113 silly addNameRange     '1.5.1',
113 silly addNameRange     '1.4.10',
113 silly addNameRange     '1.5.2',
113 silly addNameRange     '1.5.3',
113 silly addNameRange     '1.5.5' ] ]
114 silly addNamed angular-animate@1.5.5
115 verbose addNamed "1.5.5" is a plain semver version for angular-animate
116 silly addNameRange number 2 { name: 'angular', range: '>=1.5.5 <2.0.0', hasData: true }
117 silly addNameRange versions [ 'angular',
117 silly addNameRange   [ '0.0.1',
117 silly addNameRange     '0.0.1-1',
117 silly addNameRange     '0.0.1-2',
117 silly addNameRange     '0.0.2',
117 silly addNameRange     '0.0.3',
117 silly addNameRange     '0.0.4',
117 silly addNameRange     '1.0.0',
117 silly addNameRange     '1.0.1',
117 silly addNameRange     '1.0.2',
117 silly addNameRange     '1.0.3',
117 silly addNameRange     '1.0.4',
117 silly addNameRange     '1.0.5',
117 silly addNameRange     '1.0.6',
117 silly addNameRange     '1.0.7',
117 silly addNameRange     '1.0.8',
117 silly addNameRange     '1.1.0',
117 silly addNameRange     '1.1.1',
117 silly addNameRange     '1.1.2',
117 silly addNameRange     '1.1.3',
117 silly addNameRange     '1.1.4',
117 silly addNameRange     '1.1.5',
117 silly addNameRange     '1.2.0',
117 silly addNameRange     '1.2.1',
117 silly addNameRange     '1.2.2',
117 silly addNameRange     '1.2.3',
117 silly addNameRange     '1.2.4',
117 silly addNameRange     '1.2.5',
117 silly addNameRange     '1.2.6',
117 silly addNameRange     '1.2.7',
117 silly addNameRange     '1.2.8',
117 silly addNameRange     '1.2.9',
117 silly addNameRange     '1.2.10',
117 silly addNameRange     '1.2.11',
117 silly addNameRange     '1.2.12',
117 silly addNameRange     '1.2.13',
117 silly addNameRange     '1.2.14',
117 silly addNameRange     '1.2.15',
117 silly addNameRange     '1.2.16',
117 silly addNameRange     '1.2.17',
117 silly addNameRange     '1.2.18',
117 silly addNameRange     '1.2.19',
117 silly addNameRange     '1.2.20',
117 silly addNameRange     '1.2.21',
117 silly addNameRange     '1.2.22',
117 silly addNameRange     '1.2.23',
117 silly addNameRange     '1.3.0-rc.5',
117 silly addNameRange     '1.3.0',
117 silly addNameRange     '1.3.1',
117 silly addNameRange     '1.3.2',
117 silly addNameRange     '1.3.3',
117 silly addNameRange     '1.3.4-build.3588',
117 silly addNameRange     '1.2.27',
117 silly addNameRange     '1.3.4',
117 silly addNameRange     '1.3.5',
117 silly addNameRange     '1.3.6',
117 silly addNameRange     '1.3.7',
117 silly addNameRange     '1.2.28',
117 silly addNameRange     '1.3.8',
117 silly addNameRange     '1.4.0-beta.0',
117 silly addNameRange     '1.3.9',
117 silly addNameRange     '1.3.10',
117 silly addNameRange     '1.4.0-beta.1',
117 silly addNameRange     '1.4.0-beta.2',
117 silly addNameRange     '1.3.11',
117 silly addNameRange     '1.4.0-beta.3',
117 silly addNameRange     '1.3.12',
117 silly addNameRange     '1.3.13',
117 silly addNameRange     '1.4.0-beta.4',
117 silly addNameRange     '1.3.14',
117 silly addNameRange     '1.4.0-beta.5',
117 silly addNameRange     '1.4.0-beta.6',
117 silly addNameRange     '1.3.15',
117 silly addNameRange     '1.4.0-rc.0',
117 silly addNameRange     '1.4.0-rc.1',
117 silly addNameRange     '1.4.0-rc.2',
117 silly addNameRange     '1.4.0',
117 silly addNameRange     '1.3.16',
117 silly addNameRange     '1.4.1',
117 silly addNameRange     '1.4.2',
117 silly addNameRange     '1.3.17',
117 silly addNameRange     '1.4.3',
117 silly addNameRange     '1.4.4',
117 silly addNameRange     '1.3.18',
117 silly addNameRange     '1.4.5',
117 silly addNameRange     '1.3.19',
117 silly addNameRange     '1.4.6',
117 silly addNameRange     '1.5.0-beta.0',
117 silly addNameRange     '1.2.29',
117 silly addNameRange     '1.3.20',
117 silly addNameRange     '1.4.7',
117 silly addNameRange     '1.5.0-beta.2',
117 silly addNameRange     '1.4.8',
117 silly addNameRange     '1.5.0-rc.0',
117 silly addNameRange     '1.5.0-rc.1',
117 silly addNameRange     '1.4.9',
117 silly addNameRange     '1.5.0-rc.2',
117 silly addNameRange     '1.5.0',
117 silly addNameRange     '1.5.1',
117 silly addNameRange     '1.4.10',
117 silly addNameRange     '1.5.2',
117 silly addNameRange     '1.5.3',
117 silly addNameRange     '1.5.5' ] ]
118 silly addNamed angular@1.5.5
119 verbose addNamed "1.5.5" is a plain semver version for angular
120 silly addNameRange number 2 { name: 'angular-aria', range: '>=1.5.5 <2.0.0', hasData: true }
121 silly addNameRange versions [ 'angular-aria',
121 silly addNameRange   [ '1.3.0-rc.5',
121 silly addNameRange     '1.3.0',
121 silly addNameRange     '1.3.1',
121 silly addNameRange     '1.3.2',
121 silly addNameRange     '1.3.3',
121 silly addNameRange     '1.3.4',
121 silly addNameRange     '1.3.5',
121 silly addNameRange     '1.3.6',
121 silly addNameRange     '1.3.7',
121 silly addNameRange     '1.3.8',
121 silly addNameRange     '1.4.0-beta.0',
121 silly addNameRange     '1.3.9',
121 silly addNameRange     '1.3.10',
121 silly addNameRange     '1.4.0-beta.1',
121 silly addNameRange     '1.4.0-beta.2',
121 silly addNameRange     '1.3.11',
121 silly addNameRange     '1.4.0-beta.3',
121 silly addNameRange     '1.3.12',
121 silly addNameRange     '1.3.13',
121 silly addNameRange     '1.4.0-beta.4',
121 silly addNameRange     '1.3.14',
121 silly addNameRange     '1.4.0-beta.5',
121 silly addNameRange     '1.4.0-beta.6',
121 silly addNameRange     '1.3.15',
121 silly addNameRange     '1.4.0-rc.0',
121 silly addNameRange     '1.4.0-rc.1',
121 silly addNameRange     '1.4.0-rc.2',
121 silly addNameRange     '1.4.0',
121 silly addNameRange     '1.3.16',
121 silly addNameRange     '1.4.1',
121 silly addNameRange     '1.4.2',
121 silly addNameRange     '1.3.17',
121 silly addNameRange     '1.4.3',
121 silly addNameRange     '1.4.4',
121 silly addNameRange     '1.3.18',
121 silly addNameRange     '1.4.5',
121 silly addNameRange     '1.3.19',
121 silly addNameRange     '1.4.6',
121 silly addNameRange     '1.5.0-beta.0',
121 silly addNameRange     '1.3.20',
121 silly addNameRange     '1.4.7',
121 silly addNameRange     '1.5.0-beta.2',
121 silly addNameRange     '1.4.8',
121 silly addNameRange     '1.5.0-rc.0',
121 silly addNameRange     '1.5.0-rc.1',
121 silly addNameRange     '1.4.9',
121 silly addNameRange     '1.5.0-rc.2',
121 silly addNameRange     '1.5.0',
121 silly addNameRange     '1.5.1',
121 silly addNameRange     '1.4.10',
121 silly addNameRange     '1.5.2',
121 silly addNameRange     '1.5.3',
121 silly addNameRange     '1.5.5' ] ]
122 silly addNamed angular-aria@1.5.5
123 verbose addNamed "1.5.5" is a plain semver version for angular-aria
124 silly cache afterAdd angular@1.5.5
125 verbose afterAdd C:\Users\Leon LL Zhang\AppData\Roaming\npm-cache\angular\1.5.5\package\package.json not in flight; writing
126 verbose correctMkdir C:\Users\Leon LL Zhang\AppData\Roaming\npm-cache correctMkdir not in flight; initializing
127 silly cache afterAdd angular-animate@1.5.5
128 verbose afterAdd C:\Users\Leon LL Zhang\AppData\Roaming\npm-cache\angular-animate\1.5.5\package\package.json not in flight; writing
129 verbose correctMkdir C:\Users\Leon LL Zhang\AppData\Roaming\npm-cache correctMkdir not in flight; initializing
130 silly cache afterAdd angular-aria@1.5.5
131 verbose afterAdd C:\Users\Leon LL Zhang\AppData\Roaming\npm-cache\angular-aria\1.5.5\package\package.json not in flight; writing
132 verbose correctMkdir C:\Users\Leon LL Zhang\AppData\Roaming\npm-cache correctMkdir not in flight; initializing
133 verbose afterAdd C:\Users\Leon LL Zhang\AppData\Roaming\npm-cache\angular\1.5.5\package\package.json written
134 verbose afterAdd C:\Users\Leon LL Zhang\AppData\Roaming\npm-cache\angular-aria\1.5.5\package\package.json written
135 verbose afterAdd C:\Users\Leon LL Zhang\AppData\Roaming\npm-cache\angular-animate\1.5.5\package\package.json written
136 http 200 https://registry.npmjs.org/angular-messages
137 verbose headers { server: 'CouchDB/1.5.0 (Erlang OTP/R16B03)',
137 verbose headers   etag: '"747G2PD6XRRI51P1MR0DKEY78"',
137 verbose headers   'content-type': 'application/json',
137 verbose headers   'cache-control': 'max-age=300',
137 verbose headers   'content-length': '65530',
137 verbose headers   'accept-ranges': 'bytes',
137 verbose headers   date: 'Fri, 13 May 2016 02:53:44 GMT',
137 verbose headers   via: '1.1 varnish',
137 verbose headers   age: '229',
137 verbose headers   connection: 'keep-alive',
137 verbose headers   'x-served-by': 'cache-hkg6826-HKG',
137 verbose headers   'x-cache': 'HIT',
137 verbose headers   'x-cache-hits': '1',
137 verbose headers   'x-timer': 'S1463108024.977720,VS0,VE0',
137 verbose headers   vary: 'Accept-Encoding' }
138 silly get cb [ 200,
138 silly get   { server: 'CouchDB/1.5.0 (Erlang OTP/R16B03)',
138 silly get     etag: '"747G2PD6XRRI51P1MR0DKEY78"',
138 silly get     'content-type': 'application/json',
138 silly get     'cache-control': 'max-age=300',
138 silly get     'content-length': '65530',
138 silly get     'accept-ranges': 'bytes',
138 silly get     date: 'Fri, 13 May 2016 02:53:44 GMT',
138 silly get     via: '1.1 varnish',
138 silly get     age: '229',
138 silly get     connection: 'keep-alive',
138 silly get     'x-served-by': 'cache-hkg6826-HKG',
138 silly get     'x-cache': 'HIT',
138 silly get     'x-cache-hits': '1',
138 silly get     'x-timer': 'S1463108024.977720,VS0,VE0',
138 silly get     vary: 'Accept-Encoding' } ]
139 verbose get saving angular-messages to C:\Users\Leon LL Zhang\AppData\Roaming\npm-cache\registry.npmjs.org\angular-messages\.cache.json
140 verbose correctMkdir C:\Users\Leon LL Zhang\AppData\Roaming\npm-cache correctMkdir not in flight; initializing
141 silly addNameRange number 2 { name: 'angular-messages',
141 silly addNameRange   range: '>=1.5.5 <2.0.0',
141 silly addNameRange   hasData: true }
142 silly addNameRange versions [ 'angular-messages',
142 silly addNameRange   [ '1.3.0-rc.5',
142 silly addNameRange     '1.3.0',
142 silly addNameRange     '1.3.1',
142 silly addNameRange     '1.3.2',
142 silly addNameRange     '1.3.3',
142 silly addNameRange     '1.3.4',
142 silly addNameRange     '1.3.5',
142 silly addNameRange     '1.3.6',
142 silly addNameRange     '1.3.7',
142 silly addNameRange     '1.3.8',
142 silly addNameRange     '1.4.0-beta.0',
142 silly addNameRange     '1.3.9',
142 silly addNameRange     '1.3.10',
142 silly addNameRange     '1.4.0-beta.1',
142 silly addNameRange     '1.4.0-beta.2',
142 silly addNameRange     '1.3.11',
142 silly addNameRange     '1.4.0-beta.3',
142 silly addNameRange     '1.3.12',
142 silly addNameRange     '1.3.13',
142 silly addNameRange     '1.4.0-beta.4',
142 silly addNameRange     '1.3.14',
142 silly addNameRange     '1.4.0-beta.5',
142 silly addNameRange     '1.4.0-beta.6',
142 silly addNameRange     '1.3.15',
142 silly addNameRange     '1.4.0-rc.0',
142 silly addNameRange     '1.4.0-rc.1',
142 silly addNameRange     '1.4.0-rc.2',
142 silly addNameRange     '1.4.0',
142 silly addNameRange     '1.3.16',
142 silly addNameRange     '1.4.1',
142 silly addNameRange     '1.4.2',
142 silly addNameRange     '1.3.17',
142 silly addNameRange     '1.4.3',
142 silly addNameRange     '1.4.4',
142 silly addNameRange     '1.3.18',
142 silly addNameRange     '1.4.5',
142 silly addNameRange     '1.3.19',
142 silly addNameRange     '1.4.6',
142 silly addNameRange     '1.5.0-beta.0',
142 silly addNameRange     '1.3.20',
142 silly addNameRange     '1.4.7',
142 silly addNameRange     '1.5.0-beta.2',
142 silly addNameRange     '1.4.8',
142 silly addNameRange     '1.5.0-rc.0',
142 silly addNameRange     '1.5.0-rc.1',
142 silly addNameRange     '1.4.9',
142 silly addNameRange     '1.5.0-rc.2',
142 silly addNameRange     '1.5.0',
142 silly addNameRange     '1.5.1',
142 silly addNameRange     '1.4.10',
142 silly addNameRange     '1.5.2',
142 silly addNameRange     '1.5.3',
142 silly addNameRange     '1.5.5' ] ]
143 silly addNamed angular-messages@1.5.5
144 verbose addNamed "1.5.5" is a plain semver version for angular-messages
145 silly cache afterAdd angular-messages@1.5.5
146 verbose afterAdd C:\Users\Leon LL Zhang\AppData\Roaming\npm-cache\angular-messages\1.5.5\package\package.json not in flight; writing
147 verbose correctMkdir C:\Users\Leon LL Zhang\AppData\Roaming\npm-cache correctMkdir not in flight; initializing
148 verbose afterAdd C:\Users\Leon LL Zhang\AppData\Roaming\npm-cache\angular-messages\1.5.5\package\package.json written
149 verbose stack Error: not found: git
149 verbose stack     at F (C:\Program Files\nodejs\node_modules\npm\node_modules\which\which.js:63:19)
149 verbose stack     at E (C:\Program Files\nodejs\node_modules\npm\node_modules\which\which.js:72:29)
149 verbose stack     at C:\Program Files\nodejs\node_modules\npm\node_modules\which\which.js:81:16
149 verbose stack     at C:\Program Files\nodejs\node_modules\npm\node_modules\which\node_modules\isexe\index.js:44:5
149 verbose stack     at C:\Program Files\nodejs\node_modules\npm\node_modules\which\node_modules\isexe\windows.js:29:5
149 verbose stack     at FSReqWrap.oncomplete (fs.js:82:15)
150 verbose cwd C:\Meta-Tool\material-start-es5-tutorial
151 error Windows_NT 6.1.7601
152 error argv "C:\\Program Files\\nodejs\\node.exe" "C:\\Program Files\\nodejs\\node_modules\\npm\\bin\\npm-cli.js" "install"
153 error node v4.4.4
154 error npm  v2.15.1
155 error code ENOGIT
156 error not found: git
157 error Failed using git.
157 error This is most likely not a problem with npm itself.
157 error Please check if you have git installed and in your PATH.
158 verbose exit [ 1, true ]
